++ id -u 
+ myuid=0 
++ id -g 
+ mygid=0 
+ set +e 
++ getent passwd 0 
+ uidentry=root:x:0:0:root:/root:/bin/ash 
+ set -e 
+ '[' -z root:x:0:0:root:/root:/bin/ash ']' 
+ SPARK_K8S_CMD=driver 
+ case "$SPARK_K8S_CMD" in 
+ shift 1 
+ SPARK_CLASSPATH=':/opt/spark/jars/*' 
+ env 
+ grep SPARK_JAVA_OPT_ 
+ sort -t_ -k4 -n 
+ sed 's/[^=]*=\(.*\)/\1/g' 
+ readarray -t SPARK_EXECUTOR_JAVA_OPTS 
+ '[' -n '' ']' 
+ '[' -n '' ']' 
+ PYSPARK_ARGS= 
+ '[' -n '' ']' 
+ R_ARGS= 
+ '[' -n '' ']' 
+ '[' '' == 2 ']' 
+ '[' '' == 3 ']' 
+ case "$SPARK_K8S_CMD" in 
+ CMD=("$SPARK_HOME/bin/spark-submit" --conf "spark.driver.bindAddress=$SPARK_DRIVER_BIND_ADDRESS" --deploy-mode client "$@") 
+ exec /sbin/tini -s -- /opt/spark/bin/spark-submit --conf spark.driver.bindAddress=10.42.0.165 --deploy-mode client --properties-file /opt/spark/conf/spark.properties --class com.cisco.pnda.examples.spark.MessageProducer spark-internal 
20/02/11 05:31:28 WARN NativeCodeLoader: Unable to load native-hadoop library for your platform... using builtin-java classes where applicable 
log4j:WARN No appenders could be found for logger (org.apache.kafka.clients.producer.ProducerConfig). 
log4j:WARN Please initialize the log4j system properly. 
log4j:WARN See http://logging.apache.org/log4j/1.2/faq.html#noconfig for more info. 
sent per second: 93153 
